xmsim(64): 24.03-s005: (c) Copyright 1995-2024 Cadence Design Systems, Inc.
TOOL:	xmsim(64)	24.03-s005: Started on Nov 01, 2024 at 14:15:42 KST
xmsim
    -MESS
    tb_initial
    -gui

xmsim: *W,NOMTDGUI: Multi-Threaded Dumping is disabled for interactive debug mode.

-------------------------------------
Relinquished control to SimVision...
xcelium> 
xcelium> database -open waves -into waves.shm -default
Created default SHM database waves
xcelium> probe -create -shm tb_initial.a
Created probe 1
xcelium> run
Simulation complete via $finish(1) at time 50 NS + 0
./tb_initial.v:24 	#50 $finish; // t=50ns 
xcelium> ^C
xcelium> exit
TOOL:	xmsim(64)	24.03-s005: Exiting on Nov 01, 2024 at 14:18:00 KST  (total: 00:02:18)
