xmelab(64): 24.03-s005: (c) Copyright 1995-2024 Cadence Design Systems, Inc.
TOOL:	xmelab(64)	24.03-s005: Started on Nov 21, 2024 at 01:50:02 KST
xmelab
    -MESS
    -access rwc
    tb_sn54ls153

	Elaborating the design hierarchy:
		Caching library 'SN54LS153_lib' ....... Done
	Building instance overlay tables: .................... Done
	Generating native compiled code:
		SN54LS153_lib.SN54LS153:module <0x6354a6c2>
			streams:   4, words:  1988
		SN54LS153_lib.tb_sn54ls153:module <0x0095c011>
			streams:  14, words: 13779
	Building instance specific data structures.
	Loading native compiled code:     .................... Done
	Design hierarchy summary:
		                 Instances  Unique
		Modules:                 2       2
		Registers:              12      12
		Scalar wires:           14       -
		Initial blocks:          1       1
		Cont. assignments:       2       2
		Pseudo assignments:     12       -
		Simulation timescale:  1ps
	Writing initial simulation snapshot: SN54LS153_lib.tb_sn54ls153:module
TOOL:	xmelab(64)	24.03-s005: Exiting on Nov 21, 2024 at 01:50:02 KST  (total: 00:00:00)
