xmelab(64): 24.03-s005: (c) Copyright 1995-2024 Cadence Design Systems, Inc.
TOOL:	xmelab(64)	24.03-s005: Started on Nov 08, 2024 at 00:31:54 KST
xmelab
    -MESS
    -access rwc
    tb_mux4x1_behav

	Elaborating the design hierarchy:
		Caching library 'mux4x1_lib' ....... Done
	Building instance overlay tables: .................... Done
	Generating native compiled code:
		mux4x1_lib.mux4x1_behav:module <0x35e55fe7>
			streams:   1, words:  1158
		mux4x1_lib.tb_mux4x1_behav:module <0x5c29b060>
			streams:   8, words:  7934
	Building instance specific data structures.
	Loading native compiled code:     .................... Done
	Design hierarchy summary:
		                 Instances  Unique
		Modules:                 2       2
		Registers:               7       7
		Scalar wires:            7       -
		Always blocks:           1       1
		Initial blocks:          1       1
		Pseudo assignments:      6       -
		Simulation timescale:  1ps
	Writing initial simulation snapshot: mux4x1_lib.tb_mux4x1_behav:module
TOOL:	xmelab(64)	24.03-s005: Exiting on Nov 08, 2024 at 00:31:54 KST  (total: 00:00:00)
