xmsim(64): 24.03-s005: (c) Copyright 1995-2024 Cadence Design Systems, Inc.
TOOL:	xmsim(64)	24.03-s005: Started on Nov 15, 2024 at 14:51:21 KST
xmsim
    -MESS
    tb_counter_loop
    -gui

xmsim: *W,NOMTDGUI: Multi-Threaded Dumping is disabled for interactive debug mode.

-------------------------------------
Relinquished control to SimVision...
xcelium> 
xcelium> database -open waves -into waves.shm -default
Created default SHM database waves
xcelium> probe -create -shm tb_counter_loop.clk tb_counter_loop.cnt tb_counter_loop.rst_n
Created probe 1
xcelium> run
Simulation complete via $finish(1) at time 5150 NS + 0
./tb_counter_loop.v:29 		$finish;
xcelium> ^C
xcelium> exit
TOOL:	xmsim(64)	24.03-s005: Exiting on Nov 15, 2024 at 15:05:58 KST  (total: 00:14:37)
