xmelab(64): 24.03-s005: (c) Copyright 1995-2024 Cadence Design Systems, Inc.
TOOL:	xmelab(64)	24.03-s005: Started on Nov 15, 2024 at 15:39:57 KST
xmelab
    -MESS
    -access rwc
    tb_register

	Elaborating the design hierarchy:
		Caching library 'work_lib' ....... Done
	Building instance overlay tables: .................... Done
	Generating native compiled code:
		work_lib.register:module <0x76648743>
			streams:   6, words:  2043
		work_lib.tb_register:module <0x0654e379>
			streams:   6, words:  5614
	Building instance specific data structures.
	Loading native compiled code:     .................... Done
	Design hierarchy summary:
		                 Instances  Unique
		Modules:                 2       2
		Registers:               6       6
		Scalar wires:            4       -
		Vectored wires:          2       -
		Always blocks:           3       3
		Initial blocks:          1       1
		Pseudo assignments:      4       -
		Simulation timescale:  1ps
	Writing initial simulation snapshot: work_lib.tb_register:module
TOOL:	xmelab(64)	24.03-s005: Exiting on Nov 15, 2024 at 15:39:57 KST  (total: 00:00:00)
