xmsim(64): 24.03-s005: (c) Copyright 1995-2024 Cadence Design Systems, Inc.
TOOL:	xmsim(64)	24.03-s005: Started on Nov 15, 2024 at 15:39:57 KST
xmsim
    -MESS
    tb_register
    -gui

xmsim: *W,NOMTDGUI: Multi-Threaded Dumping is disabled for interactive debug mode.

-------------------------------------
Relinquished control to SimVision...
xcelium> 
xcelium> database -open waves -into waves.shm -default
Created default SHM database waves
xcelium> probe -create -shm tb_register.clk tb_register.rst_n tb_register.in1 tb_register.out1 tb_register.in2 tb_register.out2
Created probe 1
xcelium> run
Simulation complete via $finish(1) at time 2600 NS + 0
./tb_register.v:45 	#200 $finish;
xcelium> ^C
xcelium> exit
TOOL:	xmsim(64)	24.03-s005: Exiting on Nov 15, 2024 at 15:41:47 KST  (total: 00:01:50)
