xmelab(64): 24.03-s005: (c) Copyright 1995-2024 Cadence Design Systems, Inc.
TOOL:	xmelab(64)	24.03-s005: Started on Nov 01, 2024 at 15:29:52 KST
xmelab
    -MESS
    -access rwc
    clock_gen

	Elaborating the design hierarchy:
	Building instance overlay tables: .................... Done
	Generating native compiled code:
		work_lib.clock_gen:module <0x0a0f5eac>
			streams:   2, words:   877
	Building instance specific data structures.
	Loading native compiled code:     .................... Done
	Design hierarchy summary:
		                 Instances  Unique
		Modules:                 1       1
		Registers:               1       1
		Always blocks:           1       1
		Initial blocks:          1       1
		Simulation timescale:  1ps
	Writing initial simulation snapshot: work_lib.clock_gen:module
TOOL:	xmelab(64)	24.03-s005: Exiting on Nov 01, 2024 at 15:29:52 KST  (total: 00:00:00)
